This is pdfTeX, Version 3.14159265-2.6-1.40.18 (TeX Live 2017/Debian) (preloaded format=pdflatex 2019.12.12)  16 APR 2020 23:58
entering extended mode
 restricted \write18 enabled.
 %&-line parsing enabled.
**report.tex
(./report.tex
LaTeX2e <2017-04-15>
Babel <3.18> and hyphenation patterns for 84 language(s) loaded.
(./informatics-report.cls
(/usr/share/texlive/texmf-dist/tex/latex/base/report.cls
Document Class: report 2014/09/29 v1.4h Standard LaTeX document class
(/usr/share/texlive/texmf-dist/tex/latex/base/size10.clo
File: size10.clo 2014/09/29 v1.4h Standard LaTeX file (size option)
)
\c@part=\count79
\c@chapter=\count80
\c@section=\count81
\c@subsection=\count82
\c@subsubsection=\count83
\c@paragraph=\count84
\c@subparagraph=\count85
\c@figure=\count86
\c@table=\count87
\abovecaptionskip=\skip41
\belowcaptionskip=\skip42
\bibindent=\dimen102
)
Document Class: informatics-report 2012/10/07 Informatics Final Year Project Re
port Class
(/usr/share/texlive/texmf-dist/tex/latex/graphics/graphicx.sty
Package: graphicx 2017/06/01 v1.1a Enhanced LaTeX Graphics (DPC,SPQR)

(/usr/share/texlive/texmf-dist/tex/latex/graphics/keyval.sty
Package: keyval 2014/10/28 v1.15 key=value parser (DPC)
\KV@toks@=\toks14
)
(/usr/share/texlive/texmf-dist/tex/latex/graphics/graphics.sty
Package: graphics 2017/06/25 v1.2c Standard LaTeX Graphics (DPC,SPQR)

(/usr/share/texlive/texmf-dist/tex/latex/graphics/trig.sty
Package: trig 2016/01/03 v1.10 sin cos tan (DPC)
)
(/usr/share/texlive/texmf-dist/tex/latex/graphics-cfg/graphics.cfg
File: graphics.cfg 2016/06/04 v1.11 sample graphics configuration
)
Package graphics Info: Driver file: pdftex.def on input line 99.

(/usr/share/texlive/texmf-dist/tex/latex/graphics-def/pdftex.def
File: pdftex.def 2018/01/08 v1.0l Graphics/color driver for pdftex
))
\Gin@req@height=\dimen103
\Gin@req@width=\dimen104
)
(/usr/share/texlive/texmf-dist/tex/latex/geometry/geometry.sty
Package: geometry 2010/09/12 v5.6 Page Geometry

(/usr/share/texlive/texmf-dist/tex/generic/oberdiek/ifpdf.sty
Package: ifpdf 2017/03/15 v3.2 Provides the ifpdf switch
)
(/usr/share/texlive/texmf-dist/tex/generic/oberdiek/ifvtex.sty
Package: ifvtex 2016/05/16 v1.6 Detect VTeX and its facilities (HO)
Package ifvtex Info: VTeX not detected.
)
(/usr/share/texlive/texmf-dist/tex/generic/ifxetex/ifxetex.sty
Package: ifxetex 2010/09/12 v0.6 Provides ifxetex conditional
)
\Gm@cnth=\count88
\Gm@cntv=\count89
\c@Gm@tempcnt=\count90
\Gm@bindingoffset=\dimen105
\Gm@wd@mp=\dimen106
\Gm@odd@mp=\dimen107
\Gm@even@mp=\dimen108
\Gm@layoutwidth=\dimen109
\Gm@layoutheight=\dimen110
\Gm@layouthoffset=\dimen111
\Gm@layoutvoffset=\dimen112
\Gm@dimlist=\toks15
)
(/usr/share/texlive/texmf-dist/tex/latex/tools/layout.sty
Package: layout 2014/10/28 v1.2c Show layout parameters
\oneinch=\count91
\cnt@paperwidth=\count92
\cnt@paperheight=\count93
\cnt@hoffset=\count94
\cnt@voffset=\count95
\cnt@textheight=\count96
\cnt@textwidth=\count97
\cnt@topmargin=\count98
\cnt@oddsidemargin=\count99
\cnt@evensidemargin=\count100
\cnt@headheight=\count101
\cnt@headsep=\count102
\cnt@marginparsep=\count103
\cnt@marginparwidth=\count104
\cnt@marginparpush=\count105
\cnt@footskip=\count106
\fheight=\count107
\ref@top=\count108
\ref@hoffset=\count109
\ref@voffset=\count110
\ref@head=\count111
\ref@body=\count112
\ref@foot=\count113
\ref@margin=\count114
\ref@marginwidth=\count115
\ref@marginpar=\count116
\Interval=\count117
\ExtraYPos=\count118
\PositionX=\count119
\PositionY=\count120
\ArrowLength=\count121
)
(/usr/share/texlive/texmf-dist/tex/latex/url/url.sty
\Urlmuskip=\muskip10
Package: url 2013/09/16  ver 3.4  Verb mode for urls, etc.
)
(/usr/share/texlive/texmf-dist/tex/latex/tools/verbatim.sty
Package: verbatim 2014/10/28 v1.5q LaTeX2e package for verbatim enhancements
\every@verbatim=\toks16
\verbatim@line=\toks17
\verbatim@in@stream=\read1
)
(/usr/share/texlive/texmf-dist/tex/latex/listings/listings.sty
\lst@mode=\count122
\lst@gtempboxa=\box26
\lst@token=\toks18
\lst@length=\count123
\lst@currlwidth=\dimen113
\lst@column=\count124
\lst@pos=\count125
\lst@lostspace=\dimen114
\lst@width=\dimen115
\lst@newlines=\count126
\lst@lineno=\count127
\lst@maxwidth=\dimen116

(/usr/share/texlive/texmf-dist/tex/latex/listings/lstmisc.sty
File: lstmisc.sty 2015/06/04 1.6 (Carsten Heinz)
\c@lstnumber=\count128
\lst@skipnumbers=\count129
\lst@framebox=\box27
)
(/usr/share/texlive/texmf-dist/tex/latex/listings/listings.cfg
File: listings.cfg 2015/06/04 1.6 listings configuration
))
Package: listings 2015/06/04 1.6 (Carsten Heinz)

(/usr/share/texmf/tex/latex/lm/lmodern.sty
Package: lmodern 2009/10/30 v1.6 Latin Modern Fonts
LaTeX Font Info:    Overwriting symbol font `operators' in version `normal'
(Font)                  OT1/cmr/m/n --> OT1/lmr/m/n on input line 22.
LaTeX Font Info:    Overwriting symbol font `letters' in version `normal'
(Font)                  OML/cmm/m/it --> OML/lmm/m/it on input line 23.
LaTeX Font Info:    Overwriting symbol font `symbols' in version `normal'
(Font)                  OMS/cmsy/m/n --> OMS/lmsy/m/n on input line 24.
LaTeX Font Info:    Overwriting symbol font `largesymbols' in version `normal'
(Font)                  OMX/cmex/m/n --> OMX/lmex/m/n on input line 25.
LaTeX Font Info:    Overwriting symbol font `operators' in version `bold'
(Font)                  OT1/cmr/bx/n --> OT1/lmr/bx/n on input line 26.
LaTeX Font Info:    Overwriting symbol font `letters' in version `bold'
(Font)                  OML/cmm/b/it --> OML/lmm/b/it on input line 27.
LaTeX Font Info:    Overwriting symbol font `symbols' in version `bold'
(Font)                  OMS/cmsy/b/n --> OMS/lmsy/b/n on input line 28.
LaTeX Font Info:    Overwriting symbol font `largesymbols' in version `bold'
(Font)                  OMX/cmex/m/n --> OMX/lmex/m/n on input line 29.
LaTeX Font Info:    Overwriting math alphabet `\mathbf' in version `normal'
(Font)                  OT1/cmr/bx/n --> OT1/lmr/bx/n on input line 31.
LaTeX Font Info:    Overwriting math alphabet `\mathsf' in version `normal'
(Font)                  OT1/cmss/m/n --> OT1/lmss/m/n on input line 32.
LaTeX Font Info:    Overwriting math alphabet `\mathit' in version `normal'
(Font)                  OT1/cmr/m/it --> OT1/lmr/m/it on input line 33.
LaTeX Font Info:    Overwriting math alphabet `\mathtt' in version `normal'
(Font)                  OT1/cmtt/m/n --> OT1/lmtt/m/n on input line 34.
LaTeX Font Info:    Overwriting math alphabet `\mathbf' in version `bold'
(Font)                  OT1/cmr/bx/n --> OT1/lmr/bx/n on input line 35.
LaTeX Font Info:    Overwriting math alphabet `\mathsf' in version `bold'
(Font)                  OT1/cmss/bx/n --> OT1/lmss/bx/n on input line 36.
LaTeX Font Info:    Overwriting math alphabet `\mathit' in version `bold'
(Font)                  OT1/cmr/bx/it --> OT1/lmr/bx/it on input line 37.
LaTeX Font Info:    Overwriting math alphabet `\mathtt' in version `bold'
(Font)                  OT1/cmtt/m/n --> OT1/lmtt/m/n on input line 38.
)
(/usr/share/texlive/texmf-dist/tex/latex/setspace/setspace.sty
Package: setspace 2011/12/19 v6.7a set line spacing
))
(/usr/share/texlive/texmf-dist/tex/latex/graphics/color.sty
Package: color 2016/07/10 v1.1e Standard LaTeX Color (DPC)

(/usr/share/texlive/texmf-dist/tex/latex/graphics-cfg/color.cfg
File: color.cfg 2016/01/02 v1.6 sample color configuration
)
Package color Info: Driver file: pdftex.def on input line 147.
)
(/usr/share/texlive/texmf-dist/tex/latex/natbib/natbib.sty
Package: natbib 2010/09/13 8.31b (PWD, AO)
\bibhang=\skip43
\bibsep=\skip44
LaTeX Info: Redefining \cite on input line 694.
\c@NAT@ctr=\count130
)
(/usr/share/texlive/texmf-dist/tex/latex/hyperref/hyperref.sty
Package: hyperref 2018/02/06 v6.86b Hypertext links for LaTeX

(/usr/share/texlive/texmf-dist/tex/generic/oberdiek/hobsub-hyperref.sty
Package: hobsub-hyperref 2016/05/16 v1.14 Bundle oberdiek, subset hyperref (HO)


(/usr/share/texlive/texmf-dist/tex/generic/oberdiek/hobsub-generic.sty
Package: hobsub-generic 2016/05/16 v1.14 Bundle oberdiek, subset generic (HO)
Package: hobsub 2016/05/16 v1.14 Construct package bundles (HO)
Package: infwarerr 2016/05/16 v1.4 Providing info/warning/error messages (HO)
Package: ltxcmds 2016/05/16 v1.23 LaTeX kernel commands for general use (HO)
Package: ifluatex 2016/05/16 v1.4 Provides the ifluatex switch (HO)
Package ifluatex Info: LuaTeX not detected.
Package hobsub Info: Skipping package `ifvtex' (already loaded).
Package: intcalc 2016/05/16 v1.2 Expandable calculations with integers (HO)
Package hobsub Info: Skipping package `ifpdf' (already loaded).
Package: etexcmds 2016/05/16 v1.6 Avoid name clashes with e-TeX commands (HO)
Package etexcmds Info: Could not find \expanded.
(etexcmds)             That can mean that you are not using pdfTeX 1.50 or
(etexcmds)             that some package has redefined \expanded.
(etexcmds)             In the latter case, load this package earlier.
Package: kvsetkeys 2016/05/16 v1.17 Key value parser (HO)
Package: kvdefinekeys 2016/05/16 v1.4 Define keys (HO)
Package: pdftexcmds 2018/01/21 v0.26 Utility functions of pdfTeX for LuaTeX (HO
)
Package pdftexcmds Info: LuaTeX not detected.
Package pdftexcmds Info: \pdf@primitive is available.
Package pdftexcmds Info: \pdf@ifprimitive is available.
Package pdftexcmds Info: \pdfdraftmode found.
Package: pdfescape 2016/05/16 v1.14 Implements pdfTeX's escape features (HO)
Package: bigintcalc 2016/05/16 v1.4 Expandable calculations on big integers (HO
)
Package: bitset 2016/05/16 v1.2 Handle bit-vector datatype (HO)
Package: uniquecounter 2016/05/16 v1.3 Provide unlimited unique counter (HO)
)
Package hobsub Info: Skipping package `hobsub' (already loaded).
Package: letltxmacro 2016/05/16 v1.5 Let assignment for LaTeX macros (HO)
Package: hopatch 2016/05/16 v1.3 Wrapper for package hooks (HO)
Package: xcolor-patch 2016/05/16 xcolor patch
Package: atveryend 2016/05/16 v1.9 Hooks at the very end of document (HO)
Package atveryend Info: \enddocument detected (standard20110627).
Package: atbegshi 2016/06/09 v1.18 At begin shipout hook (HO)
Package: refcount 2016/05/16 v3.5 Data extraction from label references (HO)
Package: hycolor 2016/05/16 v1.8 Color options for hyperref/bookmark (HO)
)
(/usr/share/texlive/texmf-dist/tex/latex/oberdiek/auxhook.sty
Package: auxhook 2016/05/16 v1.4 Hooks for auxiliary files (HO)
)
(/usr/share/texlive/texmf-dist/tex/latex/oberdiek/kvoptions.sty
Package: kvoptions 2016/05/16 v3.12 Key value format for package options (HO)
)
\@linkdim=\dimen117
\Hy@linkcounter=\count131
\Hy@pagecounter=\count132

(/usr/share/texlive/texmf-dist/tex/latex/hyperref/pd1enc.def
File: pd1enc.def 2018/02/06 v6.86b Hyperref: PDFDocEncoding definition (HO)
)
\Hy@SavedSpaceFactor=\count133

(/usr/share/texlive/texmf-dist/tex/latex/latexconfig/hyperref.cfg
File: hyperref.cfg 2002/06/06 v1.2 hyperref configuration of TeXLive
)
Package hyperref Info: Hyper figures OFF on input line 4509.
Package hyperref Info: Link nesting OFF on input line 4514.
Package hyperref Info: Hyper index ON on input line 4517.
Package hyperref Info: Plain pages OFF on input line 4524.
Package hyperref Info: Backreferencing OFF on input line 4529.
Package hyperref Info: Implicit mode ON; LaTeX internals redefined.
Package hyperref Info: Bookmarks ON on input line 4762.
\c@Hy@tempcnt=\count134
LaTeX Info: Redefining \url on input line 5115.
\XeTeXLinkMargin=\dimen118
\Fld@menulength=\count135
\Field@Width=\dimen119
\Fld@charsize=\dimen120
Package hyperref Info: Hyper figures OFF on input line 6369.
Package hyperref Info: Link nesting OFF on input line 6374.
Package hyperref Info: Hyper index ON on input line 6377.
Package hyperref Info: backreferencing OFF on input line 6384.
Package hyperref Info: Link coloring OFF on input line 6389.
Package hyperref Info: Link coloring with OCG OFF on input line 6394.
Package hyperref Info: PDF/A mode OFF on input line 6399.
LaTeX Info: Redefining \ref on input line 6439.
LaTeX Info: Redefining \pageref on input line 6443.
\Hy@abspage=\count136
\c@Item=\count137
\c@Hfootnote=\count138
)
Package hyperref Info: Driver (autodetected): hpdftex.

(/usr/share/texlive/texmf-dist/tex/latex/hyperref/hpdftex.def
File: hpdftex.def 2018/02/06 v6.86b Hyperref driver for pdfTeX
\Fld@listcount=\count139
\c@bookmark@seq@number=\count140

(/usr/share/texlive/texmf-dist/tex/latex/oberdiek/rerunfilecheck.sty
Package: rerunfilecheck 2016/05/16 v1.8 Rerun checks for auxiliary files (HO)
Package uniquecounter Info: New unique counter `rerunfilecheck' on input line 2
82.
)
\Hy@SectionHShift=\skip45
)
(/usr/share/texlive/texmf-dist/tex/latex/float/float.sty
Package: float 2001/11/08 v1.3d Float enhancements (AL)
\c@float@type=\count141
\float@exts=\toks19
\float@box=\box28
\@float@everytoks=\toks20
\@floatcapt=\box29
) (./report.aux
(./Chapters/Background.aux) (./Chapters/DesignSpecification.aux))
\openout1 = `report.aux'.

LaTeX Font Info:    Checking defaults for OML/cmm/m/it on input line 26.
LaTeX Font Info:    ... okay on input line 26.
LaTeX Font Info:    Checking defaults for T1/cmr/m/n on input line 26.
LaTeX Font Info:    ... okay on input line 26.
LaTeX Font Info:    Checking defaults for OT1/cmr/m/n on input line 26.
LaTeX Font Info:    ... okay on input line 26.
LaTeX Font Info:    Checking defaults for OMS/cmsy/m/n on input line 26.
LaTeX Font Info:    ... okay on input line 26.
LaTeX Font Info:    Checking defaults for OMX/cmex/m/n on input line 26.
LaTeX Font Info:    ... okay on input line 26.
LaTeX Font Info:    Checking defaults for U/cmr/m/n on input line 26.
LaTeX Font Info:    ... okay on input line 26.
LaTeX Font Info:    Checking defaults for PD1/pdf/m/n on input line 26.
LaTeX Font Info:    ... okay on input line 26.
LaTeX Font Info:    Try loading font information for OT1+lmr on input line 26.

(/usr/share/texmf/tex/latex/lm/ot1lmr.fd
File: ot1lmr.fd 2009/10/30 v1.6 Font defs for Latin Modern
)
(/usr/share/texlive/texmf-dist/tex/context/base/mkii/supp-pdf.mkii
[Loading MPS to PDF converter (version 2006.09.02).]
\scratchcounter=\count142
\scratchdimen=\dimen121
\scratchbox=\box30
\nofMPsegments=\count143
\nofMParguments=\count144
\everyMPshowfont=\toks21
\MPscratchCnt=\count145
\MPscratchDim=\dimen122
\MPnumerator=\count146
\makeMPintoPDFobject=\count147
\everyMPtoPDFconversion=\toks22
) (/usr/share/texlive/texmf-dist/tex/latex/oberdiek/epstopdf-base.sty
Package: epstopdf-base 2016/05/15 v2.6 Base part for package epstopdf

(/usr/share/texlive/texmf-dist/tex/latex/oberdiek/grfext.sty
Package: grfext 2016/05/16 v1.2 Manage graphics extensions (HO)
)
Package epstopdf-base Info: Redefining graphics rule for `.eps' on input line 4
38.
Package grfext Info: Graphics extension search list:
(grfext)             [.pdf,.png,.jpg,.mps,.jpeg,.jbig2,.jb2,.PDF,.PNG,.JPG,.JPE
G,.JBIG2,.JB2,.eps]
(grfext)             \AppendGraphicsExtensions on input line 456.

(/usr/share/texlive/texmf-dist/tex/latex/latexconfig/epstopdf-sys.cfg
File: epstopdf-sys.cfg 2010/07/13 v1.3 Configuration of (r)epstopdf for TeX Liv
e
))
*geometry* driver: auto-detecting
*geometry* detected driver: pdftex
*geometry* verbose mode - [ preamble ] result:
* driver: pdftex
* paper: <default>
* layout: <same size as paper>
* layoutoffset:(h,v)=(0.0pt,0.0pt)
* modes: 
* h-part:(L,W,R)=(101.17755pt, 411.9399pt, 101.17755pt)
* v-part:(T,H,B)=(57.81621pt, 664.88379pt, 72.26999pt)
* \paperwidth=614.295pt
* \paperheight=794.96999pt
* \textwidth=411.9399pt
* \textheight=664.88379pt
* \oddsidemargin=28.90756pt
* \evensidemargin=28.90756pt
* \topmargin=-51.45378pt
* \headheight=12.0pt
* \headsep=25.0pt
* \topskip=10.0pt
* \footskip=30.0pt
* \marginparwidth=65.0pt
* \marginparsep=11.0pt
* \columnsep=10.0pt
* \skip\footins=9.0pt plus 4.0pt minus 2.0pt
* \hoffset=0.0pt
* \voffset=0.0pt
* \mag=1000
* \@twocolumnfalse
* \@twosidefalse
* \@mparswitchfalse
* \@reversemarginfalse
* (1in=72.27pt=25.4mm, 1cm=28.453pt)

\c@lstlisting=\count148
\AtBeginShipoutBox=\box31
Package hyperref Info: Link coloring OFF on input line 26.
(/usr/share/texlive/texmf-dist/tex/latex/hyperref/nameref.sty
Package: nameref 2016/05/21 v2.44 Cross-referencing by name of section

(/usr/share/texlive/texmf-dist/tex/generic/oberdiek/gettitlestring.sty
Package: gettitlestring 2016/05/16 v1.5 Cleanup title references (HO)
)
\c@section@level=\count149
)
LaTeX Info: Redefining \ref on input line 26.
LaTeX Info: Redefining \pageref on input line 26.
LaTeX Info: Redefining \nameref on input line 26.

(./report.out) (./report.out)
\@outlinefile=\write3
\openout3 = `report.out'.

*geometry* verbose mode - [ newgeometry ] result:
* driver: pdftex
* paper: <default>
* layout: <same size as paper>
* layoutoffset:(h,v)=(0.0pt,0.0pt)
* modes: 
* h-part:(L,W,R)=(92.14519pt, 430.00462pt, 92.14519pt)
* v-part:(T,H,B)=(57.81621pt, 641.75641pt, 95.39737pt)
* \paperwidth=614.295pt
* \paperheight=794.96999pt
* \textwidth=430.00462pt
* \textheight=641.75641pt
* \oddsidemargin=19.8752pt
* \evensidemargin=19.8752pt
* \topmargin=-51.45378pt
* \headheight=12.0pt
* \headsep=25.0pt
* \topskip=10.0pt
* \footskip=30.0pt
* \marginparwidth=65.0pt
* \marginparsep=11.0pt
* \columnsep=10.0pt
* \skip\footins=9.0pt plus 4.0pt minus 2.0pt
* \hoffset=0.0pt
* \voffset=0.0pt
* \mag=1000
* \@twocolumnfalse
* \@twosidefalse
* \@mparswitchfalse
* \@reversemarginfalse
* (1in=72.27pt=25.4mm, 1cm=28.453pt)

<FrontMatter/logo.png, id=60, 234.8775pt x 214.8025pt>
File: FrontMatter/logo.png Graphic file (type png)
<use FrontMatter/logo.png>
Package pdftex.def Info: FrontMatter/logo.png  used on input line 27.
(pdftex.def)             Requested size: 93.94933pt x 85.91946pt.
 [1


{/var/lib/texmf/fonts/map/pdftex/updmap/pdftex.map} <./FrontMatter/logo.png (PN
G copy)>] (./FrontMatter/abstract.tex)pdfTeX warning (ext4): destination with t
he same identifier (name{page.1}) has been already used, duplicate ignored
<to be read again> 
                   \relax 
l.27 \createFrontMatter
                        [1

]pdfTeX warning (ext4): destination with the same identifier (name{page.1}) has
 been already used, duplicate ignored
<to be read again> 
                   \relax 
l.27 \createFrontMatter
                        [1] (./FrontMatter/acknowledgements.tex) [0

]
(./report.toc
LaTeX Font Info:    Try loading font information for OML+lmm on input line 2.
 (/usr/share/texmf/tex/latex/lm/omllmm.fd
File: omllmm.fd 2009/10/30 v1.6 Font defs for Latin Modern
)
LaTeX Font Info:    Try loading font information for OMS+lmsy on input line 2.

(/usr/share/texmf/tex/latex/lm/omslmsy.fd
File: omslmsy.fd 2009/10/30 v1.6 Font defs for Latin Modern
)
LaTeX Font Info:    Try loading font information for OMX+lmex on input line 2.

(/usr/share/texmf/tex/latex/lm/omxlmex.fd
File: omxlmex.fd 2009/10/30 v1.6 Font defs for Latin Modern
)
LaTeX Font Info:    External font `lmex10' loaded for size
(Font)              <10> on input line 2.
LaTeX Font Info:    External font `lmex10' loaded for size
(Font)              <7> on input line 2.
LaTeX Font Info:    External font `lmex10' loaded for size
(Font)              <5> on input line 2.
)
\tf@toc=\write4
\openout4 = `report.toc'.

pdfTeX warning (ext4): destination with the same identifier (name{page.1}) has 
been already used, duplicate ignored
<to be read again> 
                   \relax 
l.37 \chapter
             {Introduction} [1

]
Chapter 1.
<./Images/45nm_quad_core_die.jpg, id=100, 185.69376pt x 132.495pt>
File: ./Images/45nm_quad_core_die.jpg Graphic file (type jpg)
<use ./Images/45nm_quad_core_die.jpg>
Package pdftex.def Info: ./Images/45nm_quad_core_die.jpg  used on input line 48
.
(pdftex.def)             Requested size: 185.6933pt x 132.49466pt.

Underfull \hbox (badness 10000) in paragraph at lines 38--56
\OT1/lmr/m/n/10 age. 
 []

[2

pdfTeX warning (ext4): destination with the same identifier (name{figure.1.1}) 
has been already used, duplicate ignored

\AtBegShi@Output ...ipout \box \AtBeginShipoutBox 
                                                  \fi \fi 
l.56 \begin{quotation}
                       <./Images/45nm_quad_core_die.jpg>]
Underfull \hbox (badness 4156) in paragraph at lines 59--61
\OT1/lmr/m/n/10 ar-chi-tec-ture which has the same com-pu-ta-tional ca-pa-bil-i
-ties as a Tur-ing ma-chine.
 []

LaTeX Font Info:    Try loading font information for OMS+lmr on input line 62.
(/usr/share/texmf/tex/latex/lm/omslmr.fd
File: omslmr.fd 2009/10/30 v1.6 Font defs for Latin Modern
)
LaTeX Font Info:    Font shape `OMS/lmr/m/n' in size <10> not available
(Font)              Font shape `OMS/lmsy/m/n' tried instead on input line 62.
 [3]
<./Images/sap1.jpeg, id=121, 216.81pt x 256.96pt>
File: ./Images/sap1.jpeg Graphic file (type jpg)
<use ./Images/sap1.jpeg>
Package pdftex.def Info: ./Images/sap1.jpeg  used on input line 76.
(pdftex.def)             Requested size: 216.80946pt x 256.95937pt.
 [4pdfTeX warning (ext4): destination with the same identifier (name{figure.1.2
}) has been already used, duplicate ignored

\AtBegShi@Output ...ipout \box \AtBeginShipoutBox 
                                                  \fi \fi 
l.87   \item 1
              6 bit word length <./Images/sap1.jpeg>] [5]
Underfull \hbox (badness 10000) in paragraph at lines 107--115

 []

[6]
\openout2 = `Chapters/Background.aux'.

 (./Chapters/Background.tex
Chapter 2.
[7


]
<./Images/comp_architecture.png, id=157, 335.00156pt x 236.38312pt>
File: ./Images/comp_architecture.png Graphic file (type png)
<use ./Images/comp_architecture.png>
Package pdftex.def Info: ./Images/comp_architecture.png  used on input line 31.

(pdftex.def)             Requested size: 335.00073pt x 236.38254pt.
 [8] [9pdfTeX warning (ext4): destination with the same identifier (name{figure
.2.1}) has been already used, duplicate ignored

\AtBegShi@Output ...ipout \box \AtBeginShipoutBox 
                                                  \fi \fi 
l.47 
      <./Images/comp_architecture.png>] [10]

Package hyperref Warning: Token not allowed in a PDF string (PDFDocEncoding):
(hyperref)                removing `\begingroup' on input line 70.


Package hyperref Warning: Token not allowed in a PDF string (PDFDocEncoding):
(hyperref)                removing `\<let>-command' on input line 70.


Package hyperref Warning: Token not allowed in a PDF string (PDFDocEncoding):
(hyperref)                removing `\NAT@ctype' on input line 70.


Package hyperref Warning: Token not allowed in a PDF string (PDFDocEncoding):
(hyperref)                removing `\z@' on input line 70.


Package hyperref Warning: Token not allowed in a PDF string (PDFDocEncoding):
(hyperref)                removing `\let' on input line 70.


Package hyperref Warning: Token not allowed in a PDF string (PDFDocEncoding):
(hyperref)                removing `\let' on input line 70.


Package hyperref Warning: Token not allowed in a PDF string (PDFDocEncoding):
(hyperref)                removing `\@ifnextchar' on input line 70.

[11]
Overfull \hbox (1.05206pt too wide) in paragraph at lines 81--82
[]\OT1/lmr/m/n/10 Microcode-based con-trol logic us-ing \OT1/lmr/m/it/10 EEP-RO
Ms \OT1/lmr/m/n/10 (elec-tron-i-cally erasable and pro-grammable
 []

<./Images/8-bit-high-level.png, id=195, 335.00156pt x 467.49657pt>
File: ./Images/8-bit-high-level.png Graphic file (type png)
<use ./Images/8-bit-high-level.png>
Package pdftex.def Info: ./Images/8-bit-high-level.png  used on input line 88.
(pdftex.def)             Requested size: 335.00073pt x 467.49542pt.
[12]
<./Images/8-bit-clock.png, id=219, 494.59781pt x 285.31593pt>
File: ./Images/8-bit-clock.png Graphic file (type png)
<use ./Images/8-bit-clock.png>
Package pdftex.def Info: ./Images/8-bit-clock.png  used on input line 115.
(pdftex.def)             Requested size: 494.59659pt x 285.31523pt.

Overfull \hbox (82.6567pt too wide) in paragraph at lines 115--116
 [][] 
 []

[13]
<./Images/8-bit-a-register.png, id=232, 449.42906pt x 329.73187pt>
File: ./Images/8-bit-a-register.png Graphic file (type png)
<use ./Images/8-bit-a-register.png>
Package pdftex.def Info: ./Images/8-bit-a-register.png  used on input line 128.

(pdftex.def)             Requested size: 449.42795pt x 329.73105pt.

Overfull \hbox (37.48805pt too wide) in paragraph at lines 128--129
 [][] 
 []

) [14] [15pdfTeX warning (ext4): destination with the same identifier (name{fig
ure.2.2}) has been already used, duplicate ignored

\AtBegShi@Output ...ipout \box \AtBeginShipoutBox 
                                                  \fi \fi 
l.116 \include{Chapters/Background}
                                    <./Images/8-bit-high-level.png>] [16pdfTeX 
warning (ext4): destination with the same identifier (name{figure.2.3}) has bee
n already used, duplicate ignored

\AtBegShi@Output ...ipout \box \AtBeginShipoutBox 
                                                  \fi \fi 
l.116 \include{Chapters/Background}
                                    <./Images/8-bit-clock.png>] [17pdfTeX warni
ng (ext4): destination with the same identifier (name{figure.2.4}) has been alr
eady used, duplicate ignored

\AtBegShi@Output ...ipout \box \AtBeginShipoutBox 
                                                  \fi \fi 
l.116 \include{Chapters/Background}
                                    <./Images/8-bit-a-register.png>]
\openout2 = `Chapters/DesignSpecification.aux'.


(./Chapters/DesignSpecification.tex
Chapter 3.
[18



] [19]
<./Images/16-bit-layout.png, id=273, 290.08376pt x 628.3475pt>
File: ./Images/16-bit-layout.png Graphic file (type png)
<use ./Images/16-bit-layout.png>
Package pdftex.def Info: ./Images/16-bit-layout.png  used on input line 55.
(pdftex.def)             Requested size: 290.08304pt x 628.34596pt.


LaTeX Warning: `h' float specifier changed to `ht'.

[20] [21pdfTeX warning (ext4): destination with the same identifier (name{figur
e.3.1}) has been already used, duplicate ignored

\AtBegShi@Output ...ipout \box \AtBeginShipoutBox 
                                                  \fi \fi 
l.59 \clearpage
                <./Images/16-bit-layout.png>]

LaTeX Warning: Reference `alu' on page 22 undefined on input line 68.


LaTeX Warning: Reference `addr-select' on page 22 undefined on input line 80.

[22

]

LaTeX Warning: Reference `alu' on page 23 undefined on input line 114.

[23]

LaTeX Warning: Reference `alu' on page 24 undefined on input line 121.


Overfull \hbox (0.73459pt too wide) in paragraph at lines 119--124
\OT1/lmr/m/n/10 also have a di-rect 16-bit con-nec-tion to the \OT1/lmr/m/it/10
 ALU []\OT1/lmr/m/n/10 . $\OML/lmm/m/it/10 InputControlSignals \OT1/lmr/m/n/10 
: \OML/lmm/m/it/10 CLK; BI; []; []$
 []


LaTeX Warning: Reference `alu' on page 24 undefined on input line 143.

[24]

LaTeX Warning: Reference `addr-select' on page 25 undefined on input line 174.

[25] [26] [27] [28]

LaTeX Warning: Reference `arduino2020mega' on page 29 undefined on input line 2
76.


Overfull \hbox (462.3201pt too wide) in paragraph at lines 281--289
\OML/lmm/m/it/10 InputControlSignals \OT1/lmr/m/n/10 : []$ $\OML/lmm/m/it/10 Ou
tputControlSignals \OT1/lmr/m/n/10 : \OML/lmm/m/it/10 HLT; []; AI; []; BI; []; 
[]; SU; FI; CI; []; SI; []; SFL; SFR; RI; RO; CE; []; []; []; []; []; []; OUT; 
[]; R=[]; MI; II; []$
 []

) [29] (./report.bbl
LaTeX Font Info:    Try loading font information for OT1+lmtt on input line 6.
 (/usr/share/texmf/tex/latex/lm/ot1lmtt.fd
File: ot1lmtt.fd 2009/10/30 v1.6 Font defs for Latin Modern
)
Underfull \hbox (badness 1642) in paragraph at lines 4--8
[]\OT1/lmr/m/n/10 Eater Ben.  Con-di-tional jump in-struc-tions.  []$\OT1/lmtt/
m/n/10 https : / / www . youtube . com / watch ? v =
 []


Underfull \hbox (badness 10000) in paragraph at lines 29--33
[]\OT1/lmr/m/n/10 Arduino Foun-da-tion.  Ar-duino mega rev3.  []$\OT1/lmtt/m/n/
10 https : / / store . arduino . cc /
 []


Underfull \hbox (badness 10000) in paragraph at lines 35--41
[]\OT1/lmr/m/n/10 Rott Jef-frey.  (AES-NI) in-tel ad-vanced en-cryp-tion stan-
 []


Underfull \hbox (badness 10000) in paragraph at lines 35--41
\OT1/lmr/m/n/10 dard in-struc-tions.  []$\OT1/lmtt/m/n/10 https : / / software 
. intel . com / en-[]us / articles /
 []


Underfull \hbox (badness 10000) in paragraph at lines 35--41
\OT1/lmtt/m/n/10 intel-[]advanced-[]encryption-[]standard-[]instructions-[]aes-
[]ni$[]\OT1/lmr/m/n/10 , 2012.  Ac-cessed:
 []

)
Package atveryend Info: Empty hook `BeforeClearDocument' on input line 138.
 [30


]
Package atveryend Info: Empty hook `AfterLastShipout' on input line 138.
 (./report.aux (./Chapters/Background.aux)
(./Chapters/DesignSpecification.aux))
Package atveryend Info: Executing hook `AtVeryEndDocument' on input line 138.
Package atveryend Info: Executing hook `AtEndAfterFileList' on input line 138.
Package rerunfilecheck Info: File `report.out' has not changed.
(rerunfilecheck)             Checksum: 669303CA537C34E91B2651F03C718507;961.


LaTeX Warning: There were undefined references.

Package atveryend Info: Empty hook `AtVeryVeryEnd' on input line 138.
 ) 
Here is how much of TeX's memory you used:
 7648 strings out of 492982
 113252 string characters out of 6134895
 209543 words of memory out of 5000000
 10934 multiletter control sequences out of 15000+600000
 45731 words of font info for 35 fonts, out of 8000000 for 9000
 1141 hyphenation exceptions out of 8191
 33i,7n,34p,968b,403s stack positions out of 5000i,500n,10000p,200000b,80000s
{/usr/share/texmf/fonts/enc/dvips/lm/lm-rmtt.enc}{/usr/share/texmf/fonts/enc/
dvips/lm/lm-mathit.enc}{/usr/share/texmf/fonts/enc/dvips/lm/lm-rm.enc}{/usr/sha
re/texmf/fonts/enc/dvips/lm/lm-mathsy.enc}</usr/share/texmf/fonts/type1/public/
lm/lmbx10.pfb></usr/share/texmf/fonts/type1/public/lm/lmbx12.pfb></usr/share/te
xmf/fonts/type1/public/lm/lmmi10.pfb></usr/share/texmf/fonts/type1/public/lm/lm
mi7.pfb></usr/share/texmf/fonts/type1/public/lm/lmr10.pfb></usr/share/texmf/fon
ts/type1/public/lm/lmr12.pfb></usr/share/texmf/fonts/type1/public/lm/lmr7.pfb><
/usr/share/texmf/fonts/type1/public/lm/lmri10.pfb></usr/share/texmf/fonts/type1
/public/lm/lmsy10.pfb></usr/share/texmf/fonts/type1/public/lm/lmtt10.pfb>
Output written on report.pdf (34 pages, 512899 bytes).
PDF statistics:
 497 PDF objects out of 1000 (max. 8388607)
 432 compressed objects within 5 object streams
 159 named destinations out of 1000 (max. 500000)
 153 words of extra memory for PDF output out of 10000 (max. 10000000)

